TN:
SF:C:\Users\carlo\source\repos\cangulo\taskmanager\API\TaskManagerAPI\TaskManagerAPI\Controllers\AuthController.cs
FN:21,.ctor(TaskManagerAPI.Exceptions.Helpers.IErrorResponseCreator,MediatR.IMediator,AutoMapper.IMapper)
FN:37,Login()
FN:58,SignUp()
FN:79,LogOff()
FNDA:0,.ctor(TaskManagerAPI.Exceptions.Helpers.IErrorResponseCreator,MediatR.IMediator,AutoMapper.IMapper)
FNDA:0,Login()
FNDA:0,SignUp()
FNDA:0,LogOff()
FNF:4
FNH:0
BRDA:39,39,0,-
BRDA:39,39,1,-
BRDA:60,60,2,-
BRDA:60,60,3,-
BRDA:81,81,4,-
BRDA:81,81,5,-
BRF:6
BRH:0
DA:21,0
DA:22,0
DA:23,0
DA:24,0
DA:25,0
DA:26,0
DA:37,0
DA:38,0
DA:39,0
DA:40,0
DA:41,0
DA:44,0
DA:45,0
DA:47,0
DA:58,0
DA:59,0
DA:60,0
DA:61,0
DA:62,0
DA:65,0
DA:66,0
DA:68,0
DA:79,0
DA:80,0
DA:81,0
DA:82,0
DA:83,0
DA:86,0
DA:87,0
DA:89,0
LH:0
LF:30
end_of_record
SF:C:\Users\carlo\source\repos\cangulo\taskmanager\API\TaskManagerAPI\TaskManagerAPI\Controllers\TasksController.cs
FN:26,.ctor(TaskManagerAPI.Exceptions.Helpers.IErrorResponseCreator,MediatR.IMediator,AutoMapper.IMapper)
FN:44,Get()
FN:61,Get()
FN:82,CreateTask()
FN:114,Put()
FN:144,Patch()
FN:183,Delete()
FNDA:0,.ctor(TaskManagerAPI.Exceptions.Helpers.IErrorResponseCreator,MediatR.IMediator,AutoMapper.IMapper)
FNDA:0,Get()
FNDA:0,Get()
FNDA:0,CreateTask()
FNDA:0,Put()
FNDA:0,Patch()
FNDA:0,Delete()
FNF:7
FNH:0
BRDA:63,63,6,-
BRDA:63,63,7,-
BRDA:91,91,8,-
BRDA:91,91,9,-
BRDA:121,121,10,-
BRDA:121,121,11,-
BRDA:146,146,12,-
BRDA:146,146,13,-
BRDA:157,157,14,-
BRDA:157,157,15,-
BRDA:188,188,16,-
BRDA:188,188,17,-
BRF:12
BRH:0
DA:26,0
DA:27,0
DA:28,0
DA:29,0
DA:30,0
DA:31,0
DA:32,0
DA:33,0
DA:34,0
DA:44,0
DA:45,0
DA:46,0
DA:47,0
DA:48,0
DA:61,0
DA:62,0
DA:63,0
DA:64,0
DA:65,0
DA:68,0
DA:69,0
DA:71,0
DA:82,0
DA:83,0
DA:85,0
DA:86,0
DA:87,0
DA:88,0
DA:89,0
DA:91,0
DA:92,0
DA:93,0
DA:94,0
DA:97,0
DA:98,0
DA:100,0
DA:114,0
DA:115,0
DA:116,0
DA:117,0
DA:118,0
DA:119,0
DA:120,0
DA:121,0
DA:122,0
DA:123,0
DA:126,0
DA:127,0
DA:129,0
DA:144,0
DA:145,0
DA:146,0
DA:147,0
DA:148,0
DA:149,0
DA:150,0
DA:152,0
DA:153,0
DA:154,0
DA:155,0
DA:156,0
DA:157,0
DA:158,0
DA:159,0
DA:162,0
DA:163,0
DA:167,0
DA:168,0
DA:170,0
DA:183,0
DA:184,0
DA:185,0
DA:186,0
DA:187,0
DA:188,0
DA:189,0
DA:190,0
DA:193,0
DA:194,0
DA:196,0
LH:0
LF:80
end_of_record
SF:C:\Users\carlo\source\repos\cangulo\taskmanager\API\TaskManagerAPI\TaskManagerAPI\Exceptions\ExceptionHandlerFactory.cs
FN:10,GetExceptionHandler(System.Exception)
FNDA:0,GetExceptionHandler(System.Exception)
FNF:1
FNH:0
BRDA:11,11,18,-
BRDA:11,11,19,-
BRF:2
BRH:0
DA:10,0
DA:11,0
DA:12,0
DA:13,0
DA:16,0
DA:17,0
DA:19,0
LH:0
LF:7
end_of_record
SF:C:\Users\carlo\source\repos\cangulo\taskmanager\API\TaskManagerAPI\TaskManagerAPI\Exceptions\Handlers\CQExceptionHandler.cs
FN:14,.ctor(TaskManagerAPI.CQRS.Exceptions.CQException)
FN:29,CreateResponseContent()
FN:36,GetHttpStatusCode()
FNDA:3,.ctor(TaskManagerAPI.CQRS.Exceptions.CQException)
FNDA:2,CreateResponseContent()
FNDA:3,GetHttpStatusCode()
FNF:3
FNH:3
BRDA:17,17,20,1
BRDA:17,17,21,2
BRF:2
BRH:2
DA:14,3
DA:15,3
DA:17,3
DA:18,1
DA:19,1
DA:20,1
DA:21,1
DA:23,2
DA:24,2
DA:25,2
DA:26,3
DA:29,2
DA:30,4
DA:31,2
DA:32,2
DA:33,2
DA:36,3
DA:37,3
DA:38,3
DA:39,9
DA:40,3
DA:41,3
LH:22
LF:22
end_of_record
SF:C:\Users\carlo\source\repos\cangulo\taskmanager\API\TaskManagerAPI\TaskManagerAPI\Exceptions\Handlers\DefaultExceptionHandler.cs
FN:11,CreateResponseContent()
FN:17,GetHttpStatusCode()
FNDA:0,CreateResponseContent()
FNDA:0,GetHttpStatusCode()
FNF:2
FNH:0
BRF:0
BRH:0
DA:11,0
DA:12,0
DA:13,0
DA:14,0
DA:17,0
DA:18,0
DA:19,0
LH:0
LF:7
end_of_record
SF:C:\Users\carlo\source\repos\cangulo\taskmanager\API\TaskManagerAPI\TaskManagerAPI\Exceptions\Helpers\ErrorResponseCreator.cs
FN:13,CreateResponse(System.Collections.Generic.List`1<FluentResults.Error>)
FNDA:0,CreateResponse(System.Collections.Generic.List`1<FluentResults.Error>)
FNF:1
FNH:0
BRDA:15,15,22,-
BRDA:15,15,23,-
BRDA:23,23,24,-
BRDA:23,23,25,-
BRF:4
BRH:0
DA:13,0
DA:15,0
DA:16,0
DA:17,0
DA:18,0
DA:19,0
DA:20,0
DA:22,0
DA:23,0
DA:24,0
DA:25,0
DA:26,0
DA:30,0
DA:31,0
DA:33,0
DA:34,0
DA:35,0
DA:36,0
DA:37,0
DA:38,0
DA:39,0
LH:0
LF:21
end_of_record
SF:C:\Users\carlo\source\repos\cangulo\taskmanager\API\TaskManagerAPI\TaskManagerAPI\Extensions\AutofacModules\BeServicesModule.cs
FN:11,Load(Autofac.ContainerBuilder)
FNDA:0,Load(Autofac.ContainerBuilder)
FNF:1
FNH:0
BRF:0
BRH:0
DA:11,0
DA:12,0
DA:13,0
DA:14,0
DA:15,0
DA:16,0
LH:0
LF:6
end_of_record
SF:C:\Users\carlo\source\repos\cangulo\taskmanager\API\TaskManagerAPI\TaskManagerAPI\Extensions\AutofacModules\CQRSModule.cs
FN:10,Load(Autofac.ContainerBuilder)
FNDA:0,Load(Autofac.ContainerBuilder)
FNF:1
FNH:0
BRF:0
BRH:0
DA:10,0
DA:11,0
DA:12,0
LH:0
LF:3
end_of_record
SF:C:\Users\carlo\source\repos\cangulo\taskmanager\API\TaskManagerAPI\TaskManagerAPI\Extensions\AutofacModules\EntityFrameworkModule.cs
FN:11,Load(Autofac.ContainerBuilder)
FNDA:0,Load(Autofac.ContainerBuilder)
FNF:1
FNH:0
BRF:0
BRH:0
DA:11,0
DA:12,0
DA:13,0
DA:14,0
DA:15,0
LH:0
LF:5
end_of_record
SF:C:\Users\carlo\source\repos\cangulo\taskmanager\API\TaskManagerAPI\TaskManagerAPI\Extensions\AutofacModules\ErrorsHelpersModule.cs
FN:11,Load(Autofac.ContainerBuilder)
FNDA:0,Load(Autofac.ContainerBuilder)
FNF:1
FNH:0
BRF:0
BRH:0
DA:11,0
DA:12,0
DA:13,0
DA:14,0
DA:15,0
LH:0
LF:5
end_of_record
SF:C:\Users\carlo\source\repos\cangulo\taskmanager\API\TaskManagerAPI\TaskManagerAPI\Extensions\AutofacModules\RepositoriesModule.cs
FN:10,Load(Autofac.ContainerBuilder)
FNDA:0,Load(Autofac.ContainerBuilder)
FNF:1
FNH:0
BRF:0
BRH:0
DA:10,0
DA:11,0
DA:12,0
DA:13,0
LH:0
LF:4
end_of_record
SF:C:\Users\carlo\source\repos\cangulo\taskmanager\API\TaskManagerAPI\TaskManagerAPI\Extensions\SwaggerExtension.cs
FN:12,AddSwaggerConfiguration(Microsoft.Extensions.DependencyInjection.IServiceCollection)
FNDA:0,AddSwaggerConfiguration(Microsoft.Extensions.DependencyInjection.IServiceCollection)
FNF:1
FNH:0
BRF:0
BRH:0
DA:12,0
DA:13,0
DA:14,0
DA:15,0
DA:16,0
DA:17,0
DA:18,0
DA:19,0
DA:20,0
DA:21,0
DA:22,0
DA:23,0
DA:24,0
DA:25,0
DA:26,0
DA:27,0
DA:28,0
DA:29,0
DA:30,0
DA:31,0
DA:32,0
LH:0
LF:21
end_of_record
SF:C:\Users\carlo\source\repos\cangulo\taskmanager\API\TaskManagerAPI\TaskManagerAPI\Filters\Authentication\AuthenticationFilter.cs
FN:20,.ctor(Microsoft.AspNetCore.Authorization.IAuthorizationPolicyProvider,TaskManagerAPI.BL.AuthProcess.ITokenVerificator,TaskManagerAPI.BL.UserStatusVerification.IUserStatusVerification)
FN:27,OnAuthorizationAsync(Microsoft.AspNetCore.Mvc.Filters.AuthorizationFilterContext)
FNDA:0,.ctor(Microsoft.AspNetCore.Authorization.IAuthorizationPolicyProvider,TaskManagerAPI.BL.AuthProcess.ITokenVerificator,TaskManagerAPI.BL.UserStatusVerification.IUserStatusVerification)
FNDA:0,OnAuthorizationAsync(Microsoft.AspNetCore.Mvc.Filters.AuthorizationFilterContext)
FNF:2
FNH:0
BRDA:31,31,26,-
BRDA:31,31,27,1
BRDA:39,39,28,-
BRDA:39,39,29,-
BRDA:44,44,30,-
BRDA:44,44,31,-
BRF:6
BRH:1
DA:20,0
DA:21,0
DA:22,0
DA:23,0
DA:24,0
DA:27,0
DA:28,0
DA:30,0
DA:31,0
DA:32,0
DA:33,0
DA:35,0
DA:39,0
DA:40,0
DA:41,0
DA:42,0
DA:43,0
DA:44,0
DA:45,0
DA:46,0
DA:47,0
DA:53,0
DA:54,0
DA:55,0
LH:0
LF:24
end_of_record
SF:C:\Users\carlo\source\repos\cangulo\taskmanager\API\TaskManagerAPI\TaskManagerAPI\Filters\Authentication\AuthenticationFilterAttribute.cs
FN:7,.ctor()
FNDA:0,.ctor()
FNF:1
FNH:0
BRF:0
BRH:0
DA:7,0
DA:8,0
DA:9,0
LH:0
LF:3
end_of_record
SF:C:\Users\carlo\source\repos\cangulo\taskmanager\API\TaskManagerAPI\TaskManagerAPI\Filters\Authentication\AuthorizeData.cs
FN:11,.ctor()
FN:15,.ctor(System.String)
FNDA:0,.ctor()
FNDA:0,.ctor(System.String)
FNF:2
FNH:0
BRF:0
BRH:0
DA:11,0
DA:12,0
DA:13,0
DA:15,0
DA:16,0
DA:17,0
DA:18,0
LH:0
LF:7
end_of_record
SF:C:\Users\carlo\source\repos\cangulo\taskmanager\API\TaskManagerAPI\TaskManagerAPI\Mappers\CQMapperProfile.cs
FN:9,.ctor()
FNDA:0,.ctor()
FNF:1
FNH:0
BRF:0
BRH:0
DA:9,0
DA:10,0
DA:11,0
DA:12,0
DA:13,0
LH:0
LF:5
end_of_record
SF:C:\Users\carlo\source\repos\cangulo\taskmanager\API\TaskManagerAPI\TaskManagerAPI\Middleware\ExceptionHandlerMiddleware.cs
FN:14,.ctor(TaskManagerAPI.Exceptions.IExceptionHandlerFactory,Microsoft.AspNetCore.Http.RequestDelegate)
FN:21,Invoke()
FNDA:1,.ctor(TaskManagerAPI.Exceptions.IExceptionHandlerFactory,Microsoft.AspNetCore.Http.RequestDelegate)
FNDA:1,Invoke()
FNF:2
FNH:2
BRDA:21,21,32,1
BRDA:21,21,33,-
BRDA:26,26,34,-
BRDA:26,26,35,1
BRF:4
BRH:2
DA:14,1
DA:15,1
DA:16,1
DA:17,1
DA:18,1
DA:21,1
DA:23,1
DA:24,1
DA:25,0
DA:26,1
DA:27,1
DA:28,1
DA:29,1
DA:30,1
DA:31,1
DA:32,1
DA:33,1
LH:16
LF:17
end_of_record
SF:C:\Users\carlo\source\repos\cangulo\taskmanager\API\TaskManagerAPI\TaskManagerAPI\Program.cs
FN:10,Main(System.String[])
FN:15,CreateHostBuilder(System.String[])
FNDA:0,Main(System.String[])
FNDA:0,CreateHostBuilder(System.String[])
FNF:2
FNH:0
BRF:0
BRH:0
DA:10,0
DA:11,0
DA:12,0
DA:15,0
DA:16,0
DA:17,0
DA:18,0
DA:19,0
DA:20,0
DA:21,0
LH:0
LF:10
end_of_record
SF:C:\Users\carlo\source\repos\cangulo\taskmanager\API\TaskManagerAPI\TaskManagerAPI\Startup.cs
FN:28,.ctor(Microsoft.Extensions.Configuration.IConfiguration)
FN:38,ConfigureServices(Microsoft.Extensions.DependencyInjection.IServiceCollection)
FN:77,ConfigureContainer(Autofac.ContainerBuilder)
FN:92,Configure(Microsoft.AspNetCore.Builder.IApplicationBuilder,Microsoft.AspNetCore.Hosting.IWebHostEnvironment,Microsoft.Extensions.Logging.ILogger`1<TaskManagerAPI.Startup>)
FNDA:0,.ctor(Microsoft.Extensions.Configuration.IConfiguration)
FNDA:0,ConfigureServices(Microsoft.Extensions.DependencyInjection.IServiceCollection)
FNDA:0,ConfigureContainer(Autofac.ContainerBuilder)
FNDA:0,Configure(Microsoft.AspNetCore.Builder.IApplicationBuilder,Microsoft.AspNetCore.Hosting.IWebHostEnvironment,Microsoft.Extensions.Logging.ILogger`1<TaskManagerAPI.Startup>)
FNF:4
FNH:0
BRDA:103,103,36,-
BRDA:103,103,37,-
BRF:2
BRH:0
DA:28,0
DA:29,0
DA:30,0
DA:31,0
DA:38,0
DA:39,0
DA:40,0
DA:41,0
DA:42,0
DA:43,0
DA:44,0
DA:45,0
DA:46,0
DA:47,0
DA:48,0
DA:50,0
DA:51,0
DA:52,0
DA:53,0
DA:55,0
DA:57,0
DA:59,0
DA:60,0
DA:64,0
DA:65,0
DA:66,0
DA:67,0
DA:68,0
DA:69,0
DA:72,0
DA:77,0
DA:78,0
DA:79,0
DA:80,0
DA:81,0
DA:82,0
DA:83,0
DA:92,0
DA:95,0
DA:96,0
DA:97,0
DA:98,0
DA:99,0
DA:103,0
DA:104,0
DA:105,0
DA:106,0
DA:107,0
DA:109,0
DA:110,0
DA:111,0
DA:112,0
DA:113,0
DA:114,0
DA:116,0
DA:117,0
DA:118,0
DA:119,0
DA:120,0
DA:122,0
DA:124,0
DA:125,0
DA:126,0
DA:127,0
DA:128,0
DA:129,0
LH:0
LF:66
end_of_record
SF:C:\Users\carlo\source\repos\cangulo\taskmanager\API\TaskManagerAPI\TaskManagerAPI\Extensions\EntityFrameworkDbExtension.cs
FN:23,AddEFDBContext(Microsoft.Extensions.DependencyInjection.IServiceCollection,TaskManagerAPI.Resources.AppSettings.AppSettings,Microsoft.Extensions.Configuration.IConfiguration)
FNDA:0,AddEFDBContext(Microsoft.Extensions.DependencyInjection.IServiceCollection,TaskManagerAPI.Resources.AppSettings.AppSettings,Microsoft.Extensions.Configuration.IConfiguration)
FNF:1
FNH:0
BRDA:25,25,38,-
BRDA:25,25,39,-
BRF:2
BRH:0
DA:23,0
DA:24,0
DA:25,0
DA:26,0
DA:27,0
DA:28,0
DA:29,0
DA:31,0
DA:32,0
DA:33,0
DA:34,0
DA:35,0
DA:36,0
DA:37,0
DA:38,0
LH:0
LF:15
end_of_record
SF:C:\Users\carlo\source\repos\cangulo\taskmanager\API\TaskManagerAPI\TaskManagerAPI\Extensions\JwtAuthenticationExtension.cs
FN:17,AddDefaultJwtAuthorization(Microsoft.Extensions.DependencyInjection.IServiceCollection,TaskManagerAPI.Resources.AppSettings.AppSettings)
FN:46,AddJwtDefaultPolicy(Microsoft.AspNetCore.Authorization.AuthorizationOptions)
FNDA:0,AddDefaultJwtAuthorization(Microsoft.Extensions.DependencyInjection.IServiceCollection,TaskManagerAPI.Resources.AppSettings.AppSettings)
FNDA:0,AddJwtDefaultPolicy(Microsoft.AspNetCore.Authorization.AuthorizationOptions)
FNF:2
FNH:0
BRF:0
BRH:0
DA:17,0
DA:18,0
DA:19,0
DA:20,0
DA:21,0
DA:22,0
DA:23,0
DA:24,0
DA:25,0
DA:26,0
DA:27,0
DA:28,0
DA:29,0
DA:30,0
DA:31,0
DA:32,0
DA:33,0
DA:34,0
DA:35,0
DA:36,0
DA:37,0
DA:38,0
DA:39,0
DA:40,0
DA:42,0
DA:43,0
DA:46,0
DA:47,0
DA:48,0
DA:49,0
DA:50,0
DA:52,0
DA:53,0
DA:54,0
LH:0
LF:34
end_of_record
SF:C:\Users\carlo\source\repos\cangulo\taskmanager\API\TaskManagerAPI\TaskManagerAPI.BL\AuthProcess\TokenCreator.cs
FN:16,.ctor(Microsoft.Extensions.Options.IOptions`1<TaskManagerAPI.Resources.AppSettings.AppSettings>)
FN:22,CreateToken(TaskManagerAPI.Models.BE.Account)
FNDA:0,.ctor(Microsoft.Extensions.Options.IOptions`1<TaskManagerAPI.Resources.AppSettings.AppSettings>)
FNDA:0,CreateToken(TaskManagerAPI.Models.BE.Account)
FNF:2
FNH:0
BRF:0
BRH:0
DA:16,0
DA:17,0
DA:18,0
DA:19,0
DA:22,0
DA:23,0
DA:24,0
DA:25,0
DA:26,0
DA:27,0
DA:28,0
DA:29,0
DA:30,0
DA:31,0
DA:32,0
DA:33,0
DA:34,0
DA:35,0
DA:36,0
LH:0
LF:19
end_of_record
SF:C:\Users\carlo\source\repos\cangulo\taskmanager\API\TaskManagerAPI\TaskManagerAPI.BL\AuthProcess\TokenVerificator.cs
FN:10,.ctor(TaskManagerAPI.EF.Context.ITaskManagerDbContext)
FN:16,TokenIsValid(System.Int32,System.String)
FNDA:0,.ctor(TaskManagerAPI.EF.Context.ITaskManagerDbContext)
FNDA:0,TokenIsValid(System.Int32,System.String)
FNF:2
FNH:0
BRF:0
BRH:0
DA:10,0
DA:11,0
DA:12,0
DA:13,0
DA:16,0
DA:17,0
DA:18,0
LH:0
LF:7
end_of_record
SF:C:\Users\carlo\source\repos\cangulo\taskmanager\API\TaskManagerAPI\TaskManagerAPI.BL\CurrentUserService\CurrentUserService.cs
FN:14,.ctor(Microsoft.AspNetCore.Http.IHttpContextAccessor)
FN:20,GetIdCurrentUser()
FNDA:0,.ctor(Microsoft.AspNetCore.Http.IHttpContextAccessor)
FNDA:0,GetIdCurrentUser()
FNF:2
FNH:0
BRDA:22,22,40,-
BRDA:22,22,41,-
BRF:2
BRH:0
DA:14,0
DA:15,0
DA:16,0
DA:17,0
DA:20,0
DA:21,0
DA:22,0
DA:23,0
DA:24,0
DA:26,0
DA:27,0
DA:28,0
LH:0
LF:12
end_of_record
SF:C:\Users\carlo\source\repos\cangulo\taskmanager\API\TaskManagerAPI\TaskManagerAPI.BL\UserVerifications\UserStatusVerification.cs
FN:14,.ctor(TaskManagerAPI.EF.Context.ITaskManagerDbContext)
FN:20,UserIsActive(System.Int32)
FNDA:0,.ctor(TaskManagerAPI.EF.Context.ITaskManagerDbContext)
FNDA:0,UserIsActive(System.Int32)
FNF:2
FNH:0
BRDA:21,21,42,-
BRDA:21,21,43,-
BRDA:24,24,44,-
BRDA:24,24,45,-
BRDA:28,28,46,-
BRDA:28,28,47,-
BRDA:33,33,48,-
BRDA:33,33,49,-
BRF:8
BRH:0
DA:14,0
DA:15,0
DA:16,0
DA:17,0
DA:20,0
DA:21,0
DA:22,0
DA:23,0
DA:24,0
DA:25,0
DA:26,0
DA:28,0
DA:29,0
DA:30,0
DA:31,0
DA:33,0
DA:34,0
DA:35,0
DA:36,0
DA:39,0
DA:40,0
DA:41,0
DA:45,0
DA:46,0
DA:47,0
DA:49,0
LH:0
LF:26
end_of_record
SF:C:\Users\carlo\source\repos\cangulo\taskmanager\API\TaskManagerAPI\TaskManagerAPI.CQRS\Authorization\Handlers\LoginCommandHandler.cs
FN:23,.ctor(TaskManagerAPI.Repositories.AccountRepository.IAccountRepository,TaskManagerAPI.BL.AuthProcess.ITokenCreator,TaskManagerAPI.BL.UserStatusVerification.IUserStatusVerification)
FN:31,Handle(TaskManagerAPI.CQRS.Authorization.Commands.LoginCommand,System.Threading.CancellationToken)
FNDA:4,.ctor(TaskManagerAPI.Repositories.AccountRepository.IAccountRepository,TaskManagerAPI.BL.AuthProcess.ITokenCreator,TaskManagerAPI.BL.UserStatusVerification.IUserStatusVerification)
FNDA:4,Handle(TaskManagerAPI.CQRS.Authorization.Commands.LoginCommand,System.Threading.CancellationToken)
FNF:2
FNH:2
BRDA:32,32,50,3
BRDA:32,32,51,1
BRDA:38,38,52,2
BRDA:38,38,53,1
BRDA:45,45,54,1
BRDA:45,45,55,1
BRF:6
BRH:6
DA:23,4
DA:24,4
DA:25,4
DA:26,4
DA:27,4
DA:28,4
DA:31,4
DA:32,4
DA:33,3
DA:34,3
DA:36,3
DA:38,3
DA:39,2
DA:40,2
DA:41,2
DA:42,2
DA:44,2
DA:45,2
DA:46,1
DA:47,1
DA:48,1
DA:49,1
DA:50,1
DA:51,1
DA:52,1
DA:55,1
DA:56,1
DA:60,1
DA:61,1
DA:64,1
DA:65,1
DA:66,4
LH:32
LF:32
end_of_record
SF:C:\Users\carlo\source\repos\cangulo\taskmanager\API\TaskManagerAPI\TaskManagerAPI.CQRS\Authorization\Handlers\LogOffCommandHandler.cs
FN:19,.ctor(TaskManagerAPI.Repositories.AccountRepository.IAccountRepository,TaskManagerAPI.BL.CurrentUserService.ICurrentUserService)
FN:26,Handle(TaskManagerAPI.CQRS.Authorization.Commands.LogOffCommand,System.Threading.CancellationToken)
FNDA:3,.ctor(TaskManagerAPI.Repositories.AccountRepository.IAccountRepository,TaskManagerAPI.BL.CurrentUserService.ICurrentUserService)
FNDA:3,Handle(TaskManagerAPI.CQRS.Authorization.Commands.LogOffCommand,System.Threading.CancellationToken)
FNF:2
FNH:2
BRDA:28,28,56,2
BRDA:28,28,57,1
BRDA:31,31,58,1
BRDA:31,31,59,1
BRF:4
BRH:4
DA:19,3
DA:20,3
DA:21,3
DA:22,3
DA:23,3
DA:26,3
DA:27,3
DA:28,3
DA:29,2
DA:30,2
DA:31,2
DA:32,1
DA:33,1
DA:34,1
DA:35,1
DA:38,1
DA:39,1
DA:40,1
DA:44,1
DA:45,1
DA:47,3
LH:21
LF:21
end_of_record
SF:C:\Users\carlo\source\repos\cangulo\taskmanager\API\TaskManagerAPI\TaskManagerAPI.CQRS\Authorization\Handlers\SignupCommandHandler.cs
FN:17,.ctor(TaskManagerAPI.Repositories.AccountRepository.IAccountRepository)
FN:23,Handle(TaskManagerAPI.CQRS.Authorization.Commands.SignUpCommand,System.Threading.CancellationToken)
FNDA:3,.ctor(TaskManagerAPI.Repositories.AccountRepository.IAccountRepository)
FNDA:3,Handle(TaskManagerAPI.CQRS.Authorization.Commands.SignUpCommand,System.Threading.CancellationToken)
FNF:2
FNH:2
BRDA:24,24,60,2
BRDA:24,24,61,1
BRDA:35,35,62,1
BRDA:35,35,63,1
BRF:4
BRH:4
DA:17,3
DA:18,3
DA:19,3
DA:20,3
DA:23,3
DA:24,3
DA:25,2
DA:26,2
DA:27,2
DA:28,2
DA:29,2
DA:30,2
DA:31,2
DA:32,2
DA:34,2
DA:35,2
DA:36,1
DA:37,1
DA:40,1
DA:41,1
DA:45,1
DA:46,1
DA:47,1
DA:49,3
LH:24
LF:24
end_of_record
SF:C:\Users\carlo\source\repos\cangulo\taskmanager\API\TaskManagerAPI\TaskManagerAPI.CQRS\Exceptions\CQException.cs
FN:13,.ctor(System.Collections.Generic.IEnumerable`1<TaskManagerAPI.Models.Errors.CustomError>)
FN:19,ToString()
FN:31,Errors()
FNDA:7,.ctor(System.Collections.Generic.IEnumerable`1<TaskManagerAPI.Models.Errors.CustomError>)
FNDA:0,ToString()
FNDA:8,Errors()
FNF:3
FNH:2
BRDA:20,20,64,-
BRDA:20,20,65,-
BRDA:22,22,66,-
BRDA:22,22,67,-
BRF:4
BRH:0
DA:13,7
DA:14,4
DA:15,4
DA:16,4
DA:19,0
DA:20,0
DA:21,0
DA:22,0
DA:25,0
DA:26,0
DA:28,0
DA:31,8
DA:32,8
DA:33,8
LH:7
LF:14
end_of_record
SF:C:\Users\carlo\source\repos\cangulo\taskmanager\API\TaskManagerAPI\TaskManagerAPI.CQRS\HandlerDecorator\RequestHandlerLogDecorator.cs
FN:18,.ctor(MediatR.IRequestHandler`2<TRequest,TResult>,Microsoft.Extensions.Logging.ILogger`1<TaskManagerAPI.CQRS.HandlerDecorator.RequestHandlerLogDecorator`2<TRequest,TResult>>)
FN:25,Handle()
FNDA:2,.ctor(MediatR.IRequestHandler`2<TRequest,TResult>,Microsoft.Extensions.Logging.ILogger`1<TaskManagerAPI.CQRS.HandlerDecorator.RequestHandlerLogDecorator`2<TRequest,TResult>>)
FNDA:1,Handle()
FNF:2
FNH:2
BRDA:31,31,68,-
BRDA:31,31,69,1
BRF:2
BRH:1
DA:18,2
DA:19,2
DA:20,2
DA:21,2
DA:22,2
DA:25,1
DA:26,1
DA:27,1
DA:28,1
DA:29,1
DA:30,1
DA:31,1
DA:32,0
DA:34,0
DA:35,0
DA:36,0
DA:37,0
DA:40,1
DA:42,1
DA:43,1
DA:44,1
DA:45,1
LH:17
LF:22
end_of_record
SF:C:\Users\carlo\source\repos\cangulo\taskmanager\API\TaskManagerAPI\TaskManagerAPI.CQRS\TasksCQ\BaseClasses\BaseCommandQuery.cs
FN:12,.ctor(TaskManagerAPI.BL.CurrentUserService.ICurrentUserService)
FN:33,GetCurrentUserId()
FNDA:12,.ctor(TaskManagerAPI.BL.CurrentUserService.ICurrentUserService)
FNDA:13,GetCurrentUserId()
FNF:2
FNH:2
BRDA:14,14,70,1
BRDA:14,14,71,11
BRDA:21,21,72,10
BRDA:21,21,73,1
BRF:4
BRH:4
DA:12,12
DA:13,12
DA:14,12
DA:15,1
DA:16,1
DA:19,11
DA:20,11
DA:21,11
DA:22,10
DA:23,10
DA:24,10
DA:26,1
DA:27,1
DA:29,10
DA:30,10
DA:33,13
DA:34,13
DA:35,13
LH:18
LF:18
end_of_record
SF:C:\Users\carlo\source\repos\cangulo\taskmanager\API\TaskManagerAPI\TaskManagerAPI.CQRS\TasksCQ\CommandHandlers\CreateTaskCommandHandler.cs
FN:16,.ctor(TaskManagerAPI.Repositories.TaskRepository.ITasksByAccountRepository,TaskManagerAPI.BL.CurrentUserService.ICurrentUserService)
FN:22,Handle(TaskManagerAPI.CQRS.TasksCQ.Commands.CreateTaskCommand,System.Threading.CancellationToken)
FNDA:2,.ctor(TaskManagerAPI.Repositories.TaskRepository.ITasksByAccountRepository,TaskManagerAPI.BL.CurrentUserService.ICurrentUserService)
FNDA:2,Handle(TaskManagerAPI.CQRS.TasksCQ.Commands.CreateTaskCommand,System.Threading.CancellationToken)
FNF:2
FNH:2
BRDA:24,24,74,1
BRDA:24,24,75,1
BRF:2
BRH:2
DA:16,2
DA:17,2
DA:18,2
DA:19,2
DA:22,2
DA:23,2
DA:24,2
DA:25,1
DA:26,1
DA:29,1
DA:30,1
DA:32,2
LH:12
LF:12
end_of_record
SF:C:\Users\carlo\source\repos\cangulo\taskmanager\API\TaskManagerAPI\TaskManagerAPI.CQRS\TasksCQ\CommandHandlers\DeleteTaskCommandHandler.cs
FN:18,.ctor(TaskManagerAPI.Repositories.TaskRepository.ITasksByAccountRepository,TaskManagerAPI.BL.CurrentUserService.ICurrentUserService)
FN:24,Handle(TaskManagerAPI.CQRS.TasksCQ.Commands.DeleteTaskCommand,System.Threading.CancellationToken)
FNDA:2,.ctor(TaskManagerAPI.Repositories.TaskRepository.ITasksByAccountRepository,TaskManagerAPI.BL.CurrentUserService.ICurrentUserService)
FNDA:2,Handle(TaskManagerAPI.CQRS.TasksCQ.Commands.DeleteTaskCommand,System.Threading.CancellationToken)
FNF:2
FNH:2
BRDA:25,25,76,1
BRDA:25,25,77,1
BRF:2
BRH:2
DA:18,2
DA:19,2
DA:20,2
DA:21,2
DA:24,2
DA:25,2
DA:26,1
DA:27,1
DA:28,1
DA:31,1
DA:32,1
DA:33,1
DA:35,2
LH:13
LF:13
end_of_record
SF:C:\Users\carlo\source\repos\cangulo\taskmanager\API\TaskManagerAPI\TaskManagerAPI.CQRS\TasksCQ\CommandHandlers\UpdateTaskCommandHandler.cs
FN:21,.ctor(TaskManagerAPI.Repositories.TaskRepository.ITasksByAccountRepository,AutoMapper.IMapper,TaskManagerAPI.BL.CurrentUserService.ICurrentUserService)
FN:28,Handle(TaskManagerAPI.CQRS.TasksCQ.Commands.UpdateTaskCommand,System.Threading.CancellationToken)
FNDA:2,.ctor(TaskManagerAPI.Repositories.TaskRepository.ITasksByAccountRepository,AutoMapper.IMapper,TaskManagerAPI.BL.CurrentUserService.ICurrentUserService)
FNDA:2,Handle(TaskManagerAPI.CQRS.TasksCQ.Commands.UpdateTaskCommand,System.Threading.CancellationToken)
FNF:2
FNH:2
BRDA:29,29,78,1
BRDA:29,29,79,1
BRF:2
BRH:2
DA:21,2
DA:22,2
DA:23,2
DA:24,2
DA:25,2
DA:28,2
DA:29,2
DA:30,1
DA:31,1
DA:32,1
DA:33,1
DA:36,1
DA:37,1
DA:38,1
DA:40,2
LH:15
LF:15
end_of_record
SF:C:\Users\carlo\source\repos\cangulo\taskmanager\API\TaskManagerAPI\TaskManagerAPI.CQRS\TasksCQ\QueryHandlers\TaskCollectionQueryHandler.cs
FN:18,.ctor(TaskManagerAPI.Repositories.TaskRepository.ITasksByAccountRepository,TaskManagerAPI.BL.CurrentUserService.ICurrentUserService)
FN:24,Handle(TaskManagerAPI.CQRS.TasksCQ.Queries.TaskCollectionQuery,System.Threading.CancellationToken)
FNDA:1,.ctor(TaskManagerAPI.Repositories.TaskRepository.ITasksByAccountRepository,TaskManagerAPI.BL.CurrentUserService.ICurrentUserService)
FNDA:1,Handle(TaskManagerAPI.CQRS.TasksCQ.Queries.TaskCollectionQuery,System.Threading.CancellationToken)
FNF:2
FNH:2
BRF:0
BRH:0
DA:18,1
DA:19,1
DA:20,1
DA:21,1
DA:24,1
DA:25,1
DA:26,1
DA:27,1
DA:28,1
LH:9
LF:9
end_of_record
SF:C:\Users\carlo\source\repos\cangulo\taskmanager\API\TaskManagerAPI\TaskManagerAPI.CQRS\TasksCQ\QueryHandlers\TaskQueryHandler.cs
FN:19,.ctor(TaskManagerAPI.Repositories.TaskRepository.ITasksByAccountRepository,TaskManagerAPI.BL.CurrentUserService.ICurrentUserService)
FN:25,Handle(TaskManagerAPI.CQRS.TasksCQ.Queries.TaskQuery,System.Threading.CancellationToken)
FNDA:2,.ctor(TaskManagerAPI.Repositories.TaskRepository.ITasksByAccountRepository,TaskManagerAPI.BL.CurrentUserService.ICurrentUserService)
FNDA:2,Handle(TaskManagerAPI.CQRS.TasksCQ.Queries.TaskQuery,System.Threading.CancellationToken)
FNF:2
FNH:2
BRDA:26,26,80,1
BRDA:26,26,81,1
BRF:2
BRH:2
DA:19,2
DA:20,2
DA:21,2
DA:22,2
DA:25,2
DA:26,2
DA:27,1
DA:28,1
DA:29,1
DA:30,1
DA:33,1
DA:34,1
DA:35,1
DA:37,2
LH:14
LF:14
end_of_record
SF:C:\Users\carlo\source\repos\cangulo\taskmanager\API\TaskManagerAPI\TaskManagerAPI.EF\Configurations\AccountEFConfiguration.cs
FN:11,Configure(Microsoft.EntityFrameworkCore.Metadata.Builders.EntityTypeBuilder`1<TaskManagerAPI.Models.BE.Account>)
FNDA:0,Configure(Microsoft.EntityFrameworkCore.Metadata.Builders.EntityTypeBuilder`1<TaskManagerAPI.Models.BE.Account>)
FNF:1
FNH:0
BRF:0
BRH:0
DA:11,0
DA:12,0
DA:13,0
DA:14,0
DA:15,0
DA:16,0
DA:17,0
DA:18,0
DA:19,0
DA:20,0
DA:21,0
DA:23,0
DA:25,0
LH:0
LF:13
end_of_record
SF:C:\Users\carlo\source\repos\cangulo\taskmanager\API\TaskManagerAPI\TaskManagerAPI.EF\Configurations\TaskEFConfiguration.cs
FN:12,Configure(Microsoft.EntityFrameworkCore.Metadata.Builders.EntityTypeBuilder`1<TaskManagerAPI.Models.BE.Tasks.TaskDomain>)
FNDA:0,Configure(Microsoft.EntityFrameworkCore.Metadata.Builders.EntityTypeBuilder`1<TaskManagerAPI.Models.BE.Tasks.TaskDomain>)
FNF:1
FNH:0
BRF:0
BRH:0
DA:12,0
DA:13,0
DA:14,0
DA:15,0
DA:16,0
DA:17,0
DA:18,0
DA:19,0
DA:20,0
DA:21,0
DA:22,0
DA:23,0
DA:24,0
LH:0
LF:13
end_of_record
SF:C:\Users\carlo\source\repos\cangulo\taskmanager\API\TaskManagerAPI\TaskManagerAPI.EF\Context\TaskManagerDbContext.cs
FN:15,.ctor(Microsoft.EntityFrameworkCore.DbContextOptions`1<TaskManagerAPI.EF.Context.TaskManagerDbContext>,Microsoft.Extensions.Logging.ILogger`1<TaskManagerAPI.EF.Context.TaskManagerDbContext>)
FN:21,OnConfiguring(Microsoft.EntityFrameworkCore.DbContextOptionsBuilder)
FN:27,OnModelCreating(Microsoft.EntityFrameworkCore.ModelBuilder)
FN:34,SaveChanges()
FNDA:0,.ctor(Microsoft.EntityFrameworkCore.DbContextOptions`1<TaskManagerAPI.EF.Context.TaskManagerDbContext>,Microsoft.Extensions.Logging.ILogger`1<TaskManagerAPI.EF.Context.TaskManagerDbContext>)
FNDA:0,OnConfiguring(Microsoft.EntityFrameworkCore.DbContextOptionsBuilder)
FNDA:0,OnModelCreating(Microsoft.EntityFrameworkCore.ModelBuilder)
FNDA:0,SaveChanges()
FNF:4
FNH:0
BRF:0
BRH:0
DA:15,0
DA:16,0
DA:17,0
DA:18,0
DA:21,0
DA:22,0
DA:23,0
DA:24,0
DA:27,0
DA:28,0
DA:29,0
DA:30,0
DA:31,0
DA:34,0
DA:35,0
DA:36,0
DA:37,0
LH:0
LF:17
end_of_record
SF:C:\Users\carlo\source\repos\cangulo\taskmanager\API\TaskManagerAPI\TaskManagerAPI.EF\DbInitializer\DbInitializer.cs
FN:15,.ctor(TaskManagerAPI.EF.Context.TaskManagerDbContext,TaskManagerAPI.EF.MigrationManager.IDBMigrationsManager,Microsoft.Extensions.Logging.ILogger`1<TaskManagerAPI.EF.DbInitializer.DbInitializer>)
FN:23,StartDbContext()
FNDA:0,.ctor(TaskManagerAPI.EF.Context.TaskManagerDbContext,TaskManagerAPI.EF.MigrationManager.IDBMigrationsManager,Microsoft.Extensions.Logging.ILogger`1<TaskManagerAPI.EF.DbInitializer.DbInitializer>)
FNDA:0,StartDbContext()
FNF:2
FNH:0
BRDA:25,25,82,-
BRDA:25,25,83,-
BRDA:31,31,84,-
BRDA:31,31,85,-
BRF:4
BRH:0
DA:15,0
DA:16,0
DA:17,0
DA:18,0
DA:19,0
DA:20,0
DA:23,0
DA:24,0
DA:25,0
DA:26,0
DA:27,0
DA:28,0
DA:29,0
DA:30,0
DA:31,0
DA:32,0
DA:33,0
DA:34,0
DA:35,0
DA:36,0
DA:37,0
DA:38,0
DA:39,0
LH:0
LF:23
end_of_record
SF:C:\Users\carlo\source\repos\cangulo\taskmanager\API\TaskManagerAPI\TaskManagerAPI.EF\DbInitializer\DummyDataHelper.cs
FN:31,AddDummyAccount(TaskManagerAPI.EF.Context.TaskManagerDbContext)
FN:36,AddTaskAccount(TaskManagerAPI.EF.Context.TaskManagerDbContext)
FN:11,.cctor()
FNDA:0,AddDummyAccount(TaskManagerAPI.EF.Context.TaskManagerDbContext)
FNDA:0,AddTaskAccount(TaskManagerAPI.EF.Context.TaskManagerDbContext)
FNDA:0,.cctor()
FNF:3
FNH:0
BRF:0
BRH:0
DA:11,0
DA:12,0
DA:13,0
DA:14,0
DA:15,0
DA:16,0
DA:17,0
DA:18,0
DA:19,0
DA:20,0
DA:22,0
DA:23,0
DA:24,0
DA:25,0
DA:26,0
DA:27,0
DA:28,0
DA:31,0
DA:32,0
DA:33,0
DA:36,0
DA:37,0
DA:38,0
DA:39,0
LH:0
LF:24
end_of_record
SF:C:\Users\carlo\source\repos\cangulo\taskmanager\API\TaskManagerAPI\TaskManagerAPI.EF\MigrationManager\DBMigrationsManager.cs
FN:25,.ctor(TaskManagerAPI.EF.Context.TaskManagerDbContext,Microsoft.Extensions.Logging.ILogger`1<TaskManagerAPI.EF.MigrationManager.DBMigrationsManager>)
FN:32,MigrateDB()
FNDA:0,.ctor(TaskManagerAPI.EF.Context.TaskManagerDbContext,Microsoft.Extensions.Logging.ILogger`1<TaskManagerAPI.EF.MigrationManager.DBMigrationsManager>)
FNDA:0,MigrateDB()
FNF:2
FNH:0
BRDA:36,36,86,-
BRDA:36,36,87,-
BRDA:40,40,88,-
BRDA:40,40,89,-
BRF:4
BRH:0
DA:25,0
DA:26,0
DA:27,0
DA:28,0
DA:29,0
DA:32,0
DA:33,0
DA:35,0
DA:36,0
DA:37,0
DA:38,0
DA:39,0
DA:40,0
DA:41,0
DA:42,0
DA:43,0
DA:44,0
DA:45,0
DA:47,0
DA:48,0
DA:49,0
DA:50,0
DA:51,0
DA:52,0
DA:53,0
DA:54,0
DA:55,0
LH:0
LF:27
end_of_record
SF:C:\Users\carlo\source\repos\cangulo\taskmanager\API\TaskManagerAPI\TaskManagerAPI.EF\Migrations\20190719141206_AddTaskTable.cs
FN:10,Up(Microsoft.EntityFrameworkCore.Migrations.MigrationBuilder)
FN:49,Down(Microsoft.EntityFrameworkCore.Migrations.MigrationBuilder)
FNDA:0,Up(Microsoft.EntityFrameworkCore.Migrations.MigrationBuilder)
FNDA:0,Down(Microsoft.EntityFrameworkCore.Migrations.MigrationBuilder)
FNF:2
FNH:0
BRF:0
BRH:0
DA:10,0
DA:11,0
DA:12,0
DA:13,0
DA:14,0
DA:15,0
DA:16,0
DA:17,0
DA:19,0
DA:20,0
DA:21,0
DA:22,0
DA:23,0
DA:24,0
DA:25,0
DA:26,0
DA:27,0
DA:28,0
DA:29,0
DA:30,0
DA:31,0
DA:32,0
DA:33,0
DA:34,0
DA:35,0
DA:36,0
DA:37,0
DA:38,0
DA:39,0
DA:40,0
DA:42,0
DA:43,0
DA:44,0
DA:45,0
DA:46,0
DA:49,0
DA:50,0
DA:51,0
DA:53,0
DA:54,0
DA:55,0
DA:56,0
DA:57,0
DA:58,0
DA:59,0
DA:60,0
LH:0
LF:46
end_of_record
SF:C:\Users\carlo\source\repos\cangulo\taskmanager\API\TaskManagerAPI\TaskManagerAPI.EF\Migrations\20190719141206_AddTaskTable.Designer.cs
FN:17,BuildTargetModel(Microsoft.EntityFrameworkCore.ModelBuilder)
FNDA:0,BuildTargetModel(Microsoft.EntityFrameworkCore.ModelBuilder)
FNF:1
FNH:0
BRF:0
BRH:0
DA:17,0
DA:19,0
DA:20,0
DA:21,0
DA:22,0
DA:24,0
DA:25,0
DA:26,0
DA:27,0
DA:28,0
DA:29,0
DA:30,0
DA:31,0
DA:32,0
DA:33,0
DA:34,0
DA:35,0
DA:36,0
DA:37,0
DA:38,0
DA:39,0
DA:40,0
DA:41,0
DA:42,0
DA:43,0
DA:44,0
DA:45,0
DA:46,0
DA:47,0
DA:48,0
DA:49,0
DA:50,0
DA:51,0
DA:52,0
DA:53,0
DA:54,0
DA:55,0
DA:56,0
DA:57,0
DA:58,0
DA:59,0
DA:60,0
DA:61,0
DA:62,0
DA:63,0
DA:64,0
DA:65,0
DA:66,0
DA:67,0
DA:69,0
DA:70,0
DA:71,0
DA:72,0
DA:73,0
DA:74,0
DA:75,0
DA:76,0
DA:77,0
DA:78,0
DA:79,0
DA:80,0
DA:81,0
DA:82,0
DA:83,0
DA:84,0
DA:85,0
DA:86,0
DA:87,0
DA:88,0
DA:89,0
DA:90,0
DA:91,0
DA:92,0
DA:93,0
DA:94,0
DA:95,0
DA:96,0
DA:97,0
DA:98,0
DA:100,0
DA:101,0
DA:102,0
DA:103,0
DA:104,0
DA:105,0
DA:106,0
DA:108,0
LH:0
LF:87
end_of_record
SF:C:\Users\carlo\source\repos\cangulo\taskmanager\API\TaskManagerAPI\TaskManagerAPI.EF\Migrations\20190711165553_InitialMigration.cs
FN:10,Up(Microsoft.EntityFrameworkCore.Migrations.MigrationBuilder)
FN:33,Down(Microsoft.EntityFrameworkCore.Migrations.MigrationBuilder)
FNDA:0,Up(Microsoft.EntityFrameworkCore.Migrations.MigrationBuilder)
FNDA:0,Down(Microsoft.EntityFrameworkCore.Migrations.MigrationBuilder)
FNF:2
FNH:0
BRF:0
BRH:0
DA:10,0
DA:11,0
DA:12,0
DA:13,0
DA:14,0
DA:15,0
DA:16,0
DA:17,0
DA:18,0
DA:19,0
DA:20,0
DA:21,0
DA:22,0
DA:23,0
DA:24,0
DA:25,0
DA:26,0
DA:27,0
DA:28,0
DA:29,0
DA:30,0
DA:33,0
DA:34,0
DA:35,0
DA:36,0
LH:0
LF:25
end_of_record
SF:C:\Users\carlo\source\repos\cangulo\taskmanager\API\TaskManagerAPI\TaskManagerAPI.EF\Migrations\20190711165553_InitialMigration.Designer.cs
FN:17,BuildTargetModel(Microsoft.EntityFrameworkCore.ModelBuilder)
FNDA:0,BuildTargetModel(Microsoft.EntityFrameworkCore.ModelBuilder)
FNF:1
FNH:0
BRF:0
BRH:0
DA:17,0
DA:19,0
DA:20,0
DA:21,0
DA:22,0
DA:24,0
DA:25,0
DA:26,0
DA:27,0
DA:28,0
DA:29,0
DA:30,0
DA:31,0
DA:32,0
DA:33,0
DA:34,0
DA:35,0
DA:36,0
DA:37,0
DA:38,0
DA:39,0
DA:40,0
DA:41,0
DA:42,0
DA:43,0
DA:44,0
DA:45,0
DA:46,0
DA:47,0
DA:48,0
DA:49,0
DA:50,0
DA:51,0
DA:52,0
DA:53,0
DA:54,0
DA:55,0
DA:56,0
DA:57,0
DA:58,0
DA:59,0
DA:60,0
DA:61,0
DA:62,0
DA:63,0
DA:64,0
DA:65,0
DA:67,0
LH:0
LF:48
end_of_record
SF:C:\Users\carlo\source\repos\cangulo\taskmanager\API\TaskManagerAPI\TaskManagerAPI.EF\Migrations\TaskManagerDbContextModelSnapshot.cs
FN:15,BuildModel(Microsoft.EntityFrameworkCore.ModelBuilder)
FNDA:0,BuildModel(Microsoft.EntityFrameworkCore.ModelBuilder)
FNF:1
FNH:0
BRF:0
BRH:0
DA:15,0
DA:17,0
DA:18,0
DA:19,0
DA:20,0
DA:22,0
DA:23,0
DA:24,0
DA:25,0
DA:26,0
DA:27,0
DA:28,0
DA:29,0
DA:30,0
DA:31,0
DA:32,0
DA:33,0
DA:34,0
DA:35,0
DA:36,0
DA:37,0
DA:38,0
DA:39,0
DA:40,0
DA:41,0
DA:42,0
DA:43,0
DA:44,0
DA:45,0
DA:46,0
DA:47,0
DA:48,0
DA:49,0
DA:50,0
DA:51,0
DA:52,0
DA:53,0
DA:54,0
DA:55,0
DA:56,0
DA:57,0
DA:58,0
DA:59,0
DA:60,0
DA:61,0
DA:62,0
DA:63,0
DA:64,0
DA:65,0
DA:67,0
DA:68,0
DA:69,0
DA:70,0
DA:71,0
DA:72,0
DA:73,0
DA:74,0
DA:75,0
DA:76,0
DA:77,0
DA:78,0
DA:79,0
DA:80,0
DA:81,0
DA:82,0
DA:83,0
DA:84,0
DA:85,0
DA:86,0
DA:87,0
DA:88,0
DA:89,0
DA:90,0
DA:91,0
DA:92,0
DA:93,0
DA:94,0
DA:95,0
DA:96,0
DA:98,0
DA:99,0
DA:100,0
DA:101,0
DA:102,0
DA:103,0
DA:104,0
DA:106,0
LH:0
LF:87
end_of_record
SF:C:\Users\carlo\source\repos\cangulo\taskmanager\API\TaskManagerAPI\TaskManagerAPI.Models\Errors\CustomError.cs
FN:11,.ctor(System.String,System.String,System.Int32)
FN:18,ToString()
FNDA:13,.ctor(System.String,System.String,System.Int32)
FNDA:3,ToString()
FNF:2
FNH:2
BRF:0
BRH:0
DA:11,13
DA:12,13
DA:13,13
DA:14,13
DA:15,13
DA:18,3
DA:19,3
DA:20,3
DA:21,3
LH:9
LF:9
end_of_record
SF:C:\Users\carlo\source\repos\cangulo\taskmanager\API\TaskManagerAPI\TaskManagerAPI.Models\Errors\ErrorToHttpStatusCodeHelper.cs
FN:15,ToHttpStatusCode(System.String)
FN:55,ToHttpStatusCode(System.Collections.Generic.IEnumerable`1<System.String>)
FNDA:3,ToHttpStatusCode(System.String)
FNDA:0,ToHttpStatusCode(System.Collections.Generic.IEnumerable`1<System.String>)
FNF:2
FNH:1
BRDA:16,16,90,3
BRDA:16,16,91,-
BRDA:18,18,92,2
BRDA:18,18,93,1
BRDA:20,20,94,1
BRDA:20,20,95,1
BRDA:20,20,96,-
BRDA:20,20,97,1
BRDA:26,26,98,1
BRDA:26,26,99,-
BRDA:28,28,100,-
BRDA:28,28,101,1
BRDA:31,31,102,1
BRDA:31,31,103,-
BRDA:31,31,104,-
BRDA:31,31,105,1
BRDA:31,31,106,-
BRDA:31,31,107,-
BRDA:57,57,108,-
BRDA:57,57,109,-
BRDA:59,59,110,-
BRDA:59,59,111,-
BRF:22
BRH:10
DA:15,3
DA:16,3
DA:17,3
DA:18,3
DA:19,2
DA:20,2
DA:23,1
DA:26,1
DA:27,1
DA:28,1
DA:31,1
DA:34,1
DA:36,0
DA:38,0
DA:41,0
DA:42,0
DA:44,0
DA:45,1
DA:46,1
DA:47,3
DA:55,0
DA:56,0
DA:57,0
DA:58,0
DA:59,0
DA:62,0
DA:63,0
DA:65,0
LH:15
LF:28
end_of_record
SF:C:\Users\carlo\source\repos\cangulo\taskmanager\API\TaskManagerAPI\TaskManagerAPI.Models\FE\Validators\APIRequests\LoginRequestValidator.cs
FN:9,.ctor()
FNDA:0,.ctor()
FNF:1
FNH:0
BRF:0
BRH:0
DA:9,0
DA:10,0
DA:11,0
DA:12,0
DA:13,0
LH:0
LF:5
end_of_record
SF:C:\Users\carlo\source\repos\cangulo\taskmanager\API\TaskManagerAPI\TaskManagerAPI.Models\FE\Validators\APIRequests\SignUpRequestValidator.cs
FN:9,.ctor()
FNDA:0,.ctor()
FNF:1
FNH:0
BRF:0
BRH:0
DA:9,0
DA:10,0
DA:11,0
DA:12,0
DA:13,0
DA:14,0
DA:15,0
DA:16,0
LH:0
LF:8
end_of_record
SF:C:\Users\carlo\source\repos\cangulo\taskmanager\API\TaskManagerAPI\TaskManagerAPI.Models\JsonConverters\Trim.cs
FN:9,CanConvert(System.Type)
FN:14,ReadJson(Newtonsoft.Json.JsonReader,System.Type,System.Object,Newtonsoft.Json.JsonSerializer)
FN:23,WriteJson(Newtonsoft.Json.JsonWriter,System.Object,Newtonsoft.Json.JsonSerializer)
FNDA:0,CanConvert(System.Type)
FNDA:0,ReadJson(Newtonsoft.Json.JsonReader,System.Type,System.Object,Newtonsoft.Json.JsonSerializer)
FNDA:0,WriteJson(Newtonsoft.Json.JsonWriter,System.Object,Newtonsoft.Json.JsonSerializer)
FNF:3
FNH:0
BRDA:15,15,112,-
BRDA:15,15,113,-
BRF:2
BRH:0
DA:9,0
DA:10,0
DA:11,0
DA:14,0
DA:15,0
DA:16,0
DA:17,0
DA:19,0
DA:20,0
DA:23,0
DA:24,0
LH:0
LF:11
end_of_record
SF:C:\Users\carlo\source\repos\cangulo\taskmanager\API\TaskManagerAPI\TaskManagerAPI.Models\JsonConverters\TrimAndLowerCase.cs
FN:9,CanConvert(System.Type)
FN:14,ReadJson(Newtonsoft.Json.JsonReader,System.Type,System.Object,Newtonsoft.Json.JsonSerializer)
FN:23,WriteJson(Newtonsoft.Json.JsonWriter,System.Object,Newtonsoft.Json.JsonSerializer)
FNDA:0,CanConvert(System.Type)
FNDA:0,ReadJson(Newtonsoft.Json.JsonReader,System.Type,System.Object,Newtonsoft.Json.JsonSerializer)
FNDA:0,WriteJson(Newtonsoft.Json.JsonWriter,System.Object,Newtonsoft.Json.JsonSerializer)
FNF:3
FNH:0
BRDA:15,15,114,-
BRDA:15,15,115,-
BRF:2
BRH:0
DA:9,0
DA:10,0
DA:11,0
DA:14,0
DA:15,0
DA:16,0
DA:17,0
DA:19,0
DA:20,0
DA:23,0
DA:24,0
LH:0
LF:11
end_of_record
SF:C:\Users\carlo\source\repos\cangulo\taskmanager\API\TaskManagerAPI\TaskManagerAPI.Models\Mappers\DomainProfile.cs
FN:9,.ctor()
FNDA:0,.ctor()
FNF:1
FNH:0
BRF:0
BRH:0
DA:9,0
DA:10,0
DA:11,0
DA:12,0
DA:13,0
DA:14,0
DA:15,0
DA:16,0
LH:0
LF:8
end_of_record
SF:C:\Users\carlo\source\repos\cangulo\taskmanager\API\TaskManagerAPI\TaskManagerAPI.Repositories\AccountRepository\AccountRepository.cs
FN:14,.ctor(TaskManagerAPI.EF.Context.ITaskManagerDbContext)
FN:20,ExistsAccount(System.Int32)
FN:25,GetAccount(System.Int32)
FN:30,ExistsAccount(System.String,System.String)
FN:35,ExistsAccount(System.String)
FN:40,GetAccount(System.String,System.String)
FN:45,CreateAccount(TaskManagerAPI.Models.BE.Account)
FN:50,SaveModifications()
FNDA:0,.ctor(TaskManagerAPI.EF.Context.ITaskManagerDbContext)
FNDA:0,ExistsAccount(System.Int32)
FNDA:0,GetAccount(System.Int32)
FNDA:0,ExistsAccount(System.String,System.String)
FNDA:0,ExistsAccount(System.String)
FNDA:0,GetAccount(System.String,System.String)
FNDA:0,CreateAccount(TaskManagerAPI.Models.BE.Account)
FNDA:0,SaveModifications()
FNF:8
FNH:0
BRDA:51,51,116,-
BRDA:51,51,117,-
BRF:2
BRH:0
DA:14,0
DA:15,0
DA:16,0
DA:17,0
DA:20,0
DA:21,0
DA:22,0
DA:25,0
DA:26,0
DA:27,0
DA:30,0
DA:31,0
DA:32,0
DA:35,0
DA:36,0
DA:37,0
DA:40,0
DA:41,0
DA:42,0
DA:45,0
DA:46,0
DA:47,0
DA:50,0
DA:51,0
DA:52,0
DA:53,0
DA:56,0
DA:57,0
DA:58,0
DA:59,0
DA:61,0
LH:0
LF:31
end_of_record
SF:C:\Users\carlo\source\repos\cangulo\taskmanager\API\TaskManagerAPI\TaskManagerAPI.Repositories\Exceptions\RepositoryException.cs
FN:13,.ctor(System.Collections.Generic.List`1<TaskManagerAPI.Models.Errors.CustomError>)
FN:19,ToString()
FN:31,Errors()
FNDA:0,.ctor(System.Collections.Generic.List`1<TaskManagerAPI.Models.Errors.CustomError>)
FNDA:0,ToString()
FNDA:0,Errors()
FNF:3
FNH:0
BRDA:20,20,118,-
BRDA:20,20,119,-
BRDA:22,22,120,-
BRDA:22,22,121,-
BRF:4
BRH:0
DA:13,0
DA:14,0
DA:15,0
DA:16,0
DA:19,0
DA:20,0
DA:21,0
DA:22,0
DA:25,0
DA:26,0
DA:28,0
DA:31,0
DA:32,0
DA:33,0
LH:0
LF:14
end_of_record
SF:C:\Users\carlo\source\repos\cangulo\taskmanager\API\TaskManagerAPI\TaskManagerAPI.Repositories\TaskRepository\TasksByAccountRepository.cs
FN:17,.ctor(TaskManagerAPI.EF.Context.ITaskManagerDbContext)
FN:23,GetTask(System.Int32,System.Int32)
FN:28,TaskExists(System.Int32,System.Int32)
FN:33,GetTasks(System.Int32)
FN:38,DeleteTask(System.Int32,System.Int32)
FN:44,CreateTask(System.Int32,TaskManagerAPI.Models.BE.Tasks.TaskDomain)
FN:62,SaveModifications()
FNDA:0,.ctor(TaskManagerAPI.EF.Context.ITaskManagerDbContext)
FNDA:0,GetTask(System.Int32,System.Int32)
FNDA:0,TaskExists(System.Int32,System.Int32)
FNDA:0,GetTasks(System.Int32)
FNDA:0,DeleteTask(System.Int32,System.Int32)
FNDA:0,CreateTask(System.Int32,TaskManagerAPI.Models.BE.Tasks.TaskDomain)
FNDA:0,SaveModifications()
FNF:7
FNH:0
BRDA:46,46,122,-
BRDA:46,46,123,-
BRDA:63,63,124,-
BRDA:63,63,125,-
BRF:4
BRH:0
DA:17,0
DA:18,0
DA:19,0
DA:20,0
DA:23,0
DA:24,0
DA:25,0
DA:28,0
DA:29,0
DA:30,0
DA:33,0
DA:34,0
DA:35,0
DA:38,0
DA:39,0
DA:40,0
DA:41,0
DA:44,0
DA:45,0
DA:46,0
DA:47,0
DA:48,0
DA:49,0
DA:50,0
DA:51,0
DA:54,0
DA:55,0
DA:56,0
DA:57,0
DA:59,0
DA:62,0
DA:63,0
DA:64,0
DA:65,0
DA:68,0
DA:69,0
DA:70,0
DA:71,0
DA:73,0
LH:0
LF:39
end_of_record
